============================= test session starts =============================
platform linux -- Python 3.10.12, pytest-7.4.0, pluggy-1.3.0
rootdir: /workspace
collected 5 items

tests/test_calc.py::test_add PASSED                                     [ 20%]
tests/test_calc.py::test_subtract PASSED                                [ 40%]
tests/test_calc.py::test_multiply FAILED                                [ 60%]
tests/test_calc.py::test_divide PASSED                                  [ 80%]
tests/test_calc.py::test_divide_by_zero FAILED                          [100%]

=================================== FAILURES ===================================
_____________________________ test_multiply ___________________________________

    def test_multiply():
>       assert multiply(2, 3) == 6
E       assert 5 == 6
E        +  where 5 = multiply(2, 3)

tests/test_calc.py:12: AssertionError
___________________________ test_divide_by_zero _______________________________

    def test_divide_by_zero():
        with pytest.raises(ZeroDivisionError):
>           divide(10, 0)
E           Failed: DID NOT RAISE <class 'ZeroDivisionError'>

tests/test_calc.py:20: Failed
=========================== short test summary info ===========================
FAILED tests/test_calc.py::test_multiply - assert 5 == 6
FAILED tests/test_calc.py::test_divide_by_zero - Failed: DID NOT RAISE <class...
========================= 2 failed, 3 passed in 0.12s =========================